12695
1889632659
436307219
1979811347
1166118409
15680897
1835008239
2267693885
1902348074
46362979
16218003
3787318209
1989403069
4278613651
2528807485
3809253050
3876381452
121759500
1843595073
4275531235
3876381452
121759500
1843595073
4275531235
3876381452
121759500
1843595073
4275531235
3876381452
121759500
1843595073
4275531235
3876381452
121759500
1843595073
4275531235
3876381452
121759500
1843595073
4275531235
3876381452
121759500
1843595073
4275531235
3876381452
121759500
1843595073
4275531235
3876381452
121759500
1843595073
4275531235
3876381452
121759500
1843595073
4275531235
3876381452
121759500
1843595073
4275531235
3876381452
121759500
1843595073
4275531235
3876381452
121759500
1843595073
4275531235
3876381452
121759500
1843595073
4275531235
3876381452
121759500
1843595073
4275531235
3876381452
121759500
1843595073
4275531235
3876381452
121759500
1843595073
4275531235
3876381452
121759500
1843595073
4275531235
3876381452
121759500
1843595073
4275531235
3876381452
121759500
1843595073
4275531235
3876381452
121759500
1843595073
4275531235
3876381452
121759500
1843595073
4275531235
3876381452
121759500
1843595073
4275531235
3876381452
121759500
1843595073
4275531235
3876381452
121759500
1843595073
4275531235
3876381452
121759500
1843595073
4275531235
3876381452
121759500
1843595073
4275531235
3876381452
121759500
1843595073
4275531235
3876381452
121759500
1843595073
4275531235
3876381452
121759500
1843595073
4275531235
3876381452
121759500
1843595073
4275531235
3876381452
121759500
1843595073
4275531235
3876381452
121759500
1843595073
4275531235
3876381452
121759500
1843595073
4275531235
3876381452
121759500
1843595073
4275531235
3876381452
121759500
1843595073
4275531235
3876381452
121759500
1843595073
4275531235
3876381452
121759500
1843595073
4275531235
3876381452
121759500
1843595073
4275531235
3876381452
121759500
1843595073
4275531235
3876381452
121759500
1843595073
4275531235
3876381452
121759500
1843595073
4275531235
3876381452
121759500
1843595073
4275531235
3876381452
121759500
1843595073
4275531235
3876381452
121759500
1843595073
4275531235
3876381452
121759500
1843595073
4275531235
3876381452
121759500
1843595073
4275531235
3876381452
121759500
1843595073
4275531235
3876381452
121759500
1843595073
4275531235
3876381452
121759500
1843595073
4275531235
3876381452
121759500
1843595073
4275531235
3876381452
121759500
1843595073
4275531235
3876381452
121759500
1843595073
4275531235
3876381452
121759500
1843595073
4275531235
3876381452
121759500
1843595073
4275531235
3876381452
121759500
1843595073
4275531235
3876381452
121759500
1843595073
4275531235
3876381452
121759500
1843595073
4275531235
3876381452
121759500
1843595073
4275531235
3876381452
121759500
1843595073
4275531235
3876381452
121759500
1843595073
4275531235
3876381452
121759500
1843595073
4275531235
3876381452
121759500
1843595073
4275531235
3876381452
121759500
1843595073
4275531235
3876381452
121759500
1843595073
4275531235
3876381452
121759500
1843595073
4275531235
3876381452
121759500
1843595073
4275531235
3876381452
121759500
1843595073
4275531235
3876381452
121759500
1843595073
4275531235
3876381452
121759500
1843595073
4275531235
3876381452
121759500
1843595073
4275531235
3876381452
121759500
1843595073
4275531235
3876381452
121759500
1843595073
4275531235
3876381452
121759500
1843595073
4275531235
3876381452
121759500
1843595073
4275531235
3876381452
121759500
1843595073
4275531235
3876381452
121759500
1843595073
4275531235
3876381452
121759500
1843595073
4275531235
3876381452
121759500
1843595073
4275531235
3876381452
121759500
1843595073
4275531235
3876381452
121759500
1843595073
4275531235
3876381452
121759500
1843595073
4275531235
3876381452
121759500
1843595073
4275531235
3876381452
121759500
1843595073
4275531235
3876381452
121759500
1843595073
4275531235
3876381452
121759500
1843595073
4275531235
3876381452
121759500
1843595073
4275531235
3876381452
121759500
1843595073
4275531235
3876381452
121759500
1843595073
4275531235
3876381452
121759500
1843595073
4275531235
3876381452
121759500
1843595073
4275531235
3876381452
121759500
1843595073
4275531235
2156061201
112427138
5399
2399470867
622314777
9495
2676294931
233832687
1182893482
1174488705
1157711361
275727617
895488111
453097347
1201193905
1149339667
453097507
1149339539
2793652045
1216169880
1147357309
115885155
403948805
2557587
654640782
3348637445
2545338264
3817641910
1157751692
2156020993
2282979458
1696596207
3894546689
1741547554
1682794445
3762971725
2274615370
4687763
4458259
3827756038
2301879334
1088915763
15175011
1741513805
2274584525
25659283
8652563
1088915763
1077500179
15174499
8651795
1612465281
75849756
69272709
2541880353
3974338434
1939
1699334033
832012418
4280610019
75849756
69272709
2541880353
3974338434
1939
1699597201
285311106
4280610019
1682071778
1688364098
1761764514
1627744514
2156028165
1128104066
